#
# A fatal error has been detected by the Java Runtime Environment:
#
#  EXCEPTION_ACCESS_VIOLATION (0xc0000005) at pc=0x000007fee75cb4b2, pid=3224, tid=0x0000000000001e24
#
# JRE version: Java(TM) SE Runtime Environment (8.0_101-b13) (build 1.8.0_101-b13)
# Java VM: Java HotSpot(TM) 64-Bit Server VM (25.101-b13 mixed mode windows-amd64 compressed oops)
# Problematic frame:
# C  [ig4icd64.dll+0xb4b2]
#
# Failed to write core dump. Minidumps are not enabled by default on client versions of Windows
#
# If you would like to submit a bug report, please visit:
#   http://bugreport.java.com/bugreport/crash.jsp
# The crash happened outside the Java Virtual Machine in native code.
# See problematic frame for where to report the bug.
#

---------------  T H R E A D  ---------------

Current thread (0x0000000001d58000):  JavaThread "main" [_thread_in_native, id=7716, stack(0x00000000020b0000,0x00000000021b0000)]

siginfo: ExceptionCode=0xc0000005, reading address 0x0000000059ce1000

Registers:
RAX=0x000000000000000a, RBX=0x0000000000000103, RCX=0x000000005bd8b300, RDX=0x0000000059ce0fb0
RSP=0x00000000021aeb10, RBP=0x00000000021aee50, RSI=0x000000005bd8ae00, RDI=0x0000000059ce0b30
R8 =0x0000000000000d80, R9 =0x0000000000000000, R10=0x000000000000001b, R11=0x000000000000000a
R12=0x0000000000000118, R13=0x000007fee818fc00, R14=0x0000000000000d80, R15=0x00000000021aec60
RIP=0x000007fee75cb4b2, EFLAGS=0x0000000000010207

Top of Stack: (sp=0x00000000021aeb10)
0x00000000021aeb10:   0000000000000000 000007fee77e3987
0x00000000021aeb20:   0000000000000000 000000005b9b2858
0x00000000021aeb30:   cafebabecafebabe 0000000000000000
0x00000000021aeb40:   0000000000000000 0000000000000000
0x00000000021aeb50:   0000000059ce0b30 000007fee7771f60
0x00000000021aeb60:   000000005cf24700 000007fee77e3229
0x00000000021aeb70:   000000005b9b2858 00000000021aecd0
0x00000000021aeb80:   0000000000000004 000000005b99ff30
0x00000000021aeb90:   000000005cf24700 000007fee7a57af0
0x00000000021aeba0:   0000000000000360 00000000021aee50
0x00000000021aebb0:   00000000021aecd0 0000000000000000
0x00000000021aebc0:   0000000000000100 0000000000000000
0x00000000021aebd0:   0000000000000000 0000000000000020
0x00000000021aebe0:   0000000000000000 000007fe00000001
0x00000000021aebf0:   0000000000000001 00000000021aec52
0x00000000021aec00:   00000000021aecd0 00000000021aec90 

Instructions: (pc=0x000007fee75cb4b2)
0x000007fee75cb492:   6f 3a 66 0f 6f 72 10 66 0f 6f 6a 20 41 ff c3 48
0x000007fee75cb4a2:   83 e9 80 41 8b c3 66 0f 6f 62 30 66 0f 6f 5a 40
0x000007fee75cb4b2:   66 0f 6f 52 50 66 0f 6f 4a 60 66 0f 6f 42 70 66
0x000007fee75cb4c2:   0f 7f 79 80 48 83 ea 80 66 0f 7f 71 90 66 0f 7f 


Register to memory mapping:

RAX=0x000000000000000a is an unknown value
RBX=0x0000000000000103 is an unknown value
RCX=0x000000005bd8b300 is an unknown value
RDX=0x0000000059ce0fb0 is an unknown value
RSP=0x00000000021aeb10 is pointing into the stack for thread: 0x0000000001d58000
RBP=0x00000000021aee50 is pointing into the stack for thread: 0x0000000001d58000
RSI=0x000000005bd8ae00 is an unknown value
RDI=0x0000000059ce0b30 is an unknown value
R8 =0x0000000000000d80 is an unknown value
R9 =0x0000000000000000 is an unknown value
R10=0x000000000000001b is an unknown value
R11=0x000000000000000a is an unknown value
R12=0x0000000000000118 is an unknown value
R13=0x000007fee818fc00 is an unknown value
R14=0x0000000000000d80 is an unknown value
R15=0x00000000021aec60 is pointing into the stack for thread: 0x0000000001d58000


Stack: [0x00000000020b0000,0x00000000021b0000],  sp=0x00000000021aeb10,  free space=1018k
Native frames: (J=compiled Java code, j=interpreted, Vv=VM code, C=native code)
C  [ig4icd64.dll+0xb4b2]
C  [ig4icd64.dll+0x1b1f60]
C  [ig4icd64.dll+0x497af0]
C  [ig4icd64.dll+0x497f0f]
C  [ig4icd64.dll+0x498571]
C  [ig4icd64.dll+0x496a8e]
C  [ig4icd64.dll+0xc6cb2]
C  [ig4icd64.dll+0x9c302]
C  [ig4icd64.dll+0x315ed2]
C  [lwjgl.dll+0x4d49d]
C  0x0000000002497f34

Java frames: (J=compiled Java code, j=interpreted, Vv=VM code)
j  org.lwjgl.system.JNI.callPV(JIIIIIIIIJ)V+0
j  org.lwjgl.opengl.GL11.nglTexImage2D(IIIIIIIIJ)V+24
j  org.lwjgl.opengl.GL11.glTexImage2D(IIIIIIIILjava/nio/ByteBuffer;)V+30
j  com.bamboo.tloll.graphics.Renderer.drawSpriteAnimation(Lcom/bamboo/tloll/graphics/Unit;II)V+143
j  com.bamboo.tloll.Tloll.main([Ljava/lang/String;)V+480
v  ~StubRoutines::call_stub

---------------  P R O C E S S  ---------------

Java Threads: ( => current thread )
  0x0000000059af2800 JavaThread "Java2D Disposer" daemon [_thread_blocked, id=7948, stack(0x000000005a6d0000,0x000000005a7d0000)]
  0x0000000058fc9800 JavaThread "Service Thread" daemon [_thread_blocked, id=1820, stack(0x0000000058b30000,0x0000000058c30000)]
  0x0000000058f3d000 JavaThread "C1 CompilerThread2" daemon [_thread_blocked, id=7852, stack(0x0000000058930000,0x0000000058a30000)]
  0x0000000058f3c000 JavaThread "C2 CompilerThread1" daemon [_thread_blocked, id=5924, stack(0x0000000059580000,0x0000000059680000)]
  0x0000000058f37000 JavaThread "C2 CompilerThread0" daemon [_thread_blocked, id=6296, stack(0x0000000059690000,0x0000000059790000)]
  0x0000000058f32800 JavaThread "Attach Listener" daemon [_thread_blocked, id=4440, stack(0x0000000059470000,0x0000000059570000)]
  0x00000000579c5000 JavaThread "Signal Dispatcher" daemon [_thread_blocked, id=6948, stack(0x0000000059340000,0x0000000059440000)]
  0x00000000579ab800 JavaThread "Finalizer" daemon [_thread_blocked, id=8164, stack(0x0000000058e30000,0x0000000058f30000)]
  0x0000000057963800 JavaThread "Reference Handler" daemon [_thread_blocked, id=6756, stack(0x0000000058c40000,0x0000000058d40000)]
=>0x0000000001d58000 JavaThread "main" [_thread_in_native, id=7716, stack(0x00000000020b0000,0x00000000021b0000)]

Other Threads:
  0x000000005795c000 VMThread [stack: 0x0000000058a30000,0x0000000058b30000] [id=7088]
  0x0000000058fda000 WatcherThread [stack: 0x0000000059810000,0x0000000059910000] [id=7108]

VM state:not at safepoint (normal execution)

VM Mutex/Monitor currently owned by a thread: None

Heap:
 PSYoungGen      total 38400K, used 26937K [0x00000000d5d00000, 0x00000000d8780000, 0x0000000100000000)
  eden space 33280K, 80% used [0x00000000d5d00000,0x00000000d774e570,0x00000000d7d80000)
  from space 5120K, 0% used [0x00000000d8280000,0x00000000d8280000,0x00000000d8780000)
  to   space 5120K, 0% used [0x00000000d7d80000,0x00000000d7d80000,0x00000000d8280000)
 ParOldGen       total 87552K, used 0K [0x0000000081600000, 0x0000000086b80000, 0x00000000d5d00000)
  object space 87552K, 0% used [0x0000000081600000,0x0000000081600000,0x0000000086b80000)
 Metaspace       used 7622K, capacity 7743K, committed 8064K, reserved 1056768K
  class space    used 720K, capacity 802K, committed 896K, reserved 1048576K

Card table byte_map: [0x0000000011840000,0x0000000011c40000] byte_map_base: 0x0000000011435000

Marking Bits: (ParMarkBitMap*) 0x000000005774a6d0
 Begin Bits: [0x00000000123c0000, 0x0000000014368000)
 End Bits:   [0x0000000014368000, 0x0000000016310000)

Polling page: 0x0000000000310000

CodeCache: size=245760Kb used=2367Kb max_used=2381Kb free=243392Kb
 bounds [0x0000000002480000, 0x00000000026f0000, 0x0000000011480000]
 total_blobs=1233 nmethods=506 adapters=640
 compilation: enabled

Compilation events (10 events):
Event: 0.902 Thread 0x0000000058f3c000  502 % !   4       com.bamboo.tloll.graphics.GraphicsUtil::loadTexture @ 88 (214 bytes)
Event: 0.930 Thread 0x0000000058f3d000  503       3       java.io.WinNTFileSystem::normalize (231 bytes)
Event: 0.936 Thread 0x0000000058f3d000 nmethod 503 0x00000000026ccd10 code [0x00000000026cd100, 0x00000000026d0428]
Event: 0.936 Thread 0x0000000058f3d000  504       3       sun.nio.cs.SingleByte$Encoder::encode (32 bytes)
Event: 0.936 Thread 0x0000000058f3d000 nmethod 504 0x00000000026c8e50 code [0x00000000026c8fc0, 0x00000000026c91d0]
Event: 0.936 Thread 0x0000000058f3d000  505       1       java.nio.Buffer::remaining (10 bytes)
Event: 0.937 Thread 0x0000000058f3d000 nmethod 505 0x00000000026af890 code [0x00000000026af9e0, 0x00000000026afaf0]
Event: 0.938 Thread 0x0000000058f3c000 nmethod 502% 0x00000000026d4d90 code [0x00000000026d4fa0, 0x00000000026d60f0]
Event: 0.938 Thread 0x0000000058f3d000  506       3       java.util.Vector::elementData (7 bytes)
Event: 0.938 Thread 0x0000000058f3d000 nmethod 506 0x00000000026c8a90 code [0x00000000026c8be0, 0x00000000026c8d50]

GC Heap History (0 events):
No events

Deoptimization events (1 events):
Event: 0.863 Thread 0x0000000001d58000 Uncommon trap: reason=unstable_if action=reinterpret pc=0x00000000026c41dc method=com.bamboo.tloll.graphics.GraphicsUtil.loadTexture(Ljava/lang/String;)Ljava/nio/ByteBuffer; @ 82

Internal exceptions (10 events):
Event: 0.036 Thread 0x0000000001d58000 Exception <a 'java/lang/NoSuchMethodError': Method sun.misc.Unsafe.prefetchRead(Ljava/lang/Object;J)V name or signature does not match> (0x00000000d5d07fa8) thrown at [C:\re\workspace\8-2-build-windows-amd64-cygwin\jdk8u101\7261\hotspot\src\share\vm\prims\ÈÏ×œ¢«Á?
Event: 0.138 Thread 0x0000000001d58000 Exception <a 'java/security/PrivilegedActionException'> (0x00000000d5d8a2a0) thrown at [C:\re\workspace\8-2-build-windows-amd64-cygwin\jdk8u101\7261\hotspot\src\share\vm\prims\jvm.cpp, line 1386]
Event: 0.138 Thread 0x0000000001d58000 Exception <a 'java/security/PrivilegedActionException'> (0x00000000d5d8a4b0) thrown at [C:\re\workspace\8-2-build-windows-amd64-cygwin\jdk8u101\7261\hotspot\src\share\vm\prims\jvm.cpp, line 1386]
Event: 0.224 Thread 0x0000000001d58000 Exception <a 'java/lang/NoSuchFieldError': method resolution failed> (0x00000000d5f94ef0) thrown at [C:\re\workspace\8-2-build-windows-amd64-cygwin\jdk8u101\7261\hotspot\src\share\vm\prims\methodHandles.cpp, line 1146]
Event: 0.227 Thread 0x0000000001d58000 Exception <a 'java/lang/NoSuchFieldError': method resolution failed> (0x00000000d5fa2448) thrown at [C:\re\workspace\8-2-build-windows-amd64-cygwin\jdk8u101\7261\hotspot\src\share\vm\prims\methodHandles.cpp, line 1146]
Event: 0.267 Thread 0x0000000001d58000 Exception <a 'java/security/PrivilegedActionException'> (0x00000000d6044280) thrown at [C:\re\workspace\8-2-build-windows-amd64-cygwin\jdk8u101\7261\hotspot\src\share\vm\prims\jvm.cpp, line 1386]
Event: 0.267 Thread 0x0000000001d58000 Exception <a 'java/security/PrivilegedActionException'> (0x00000000d6044490) thrown at [C:\re\workspace\8-2-build-windows-amd64-cygwin\jdk8u101\7261\hotspot\src\share\vm\prims\jvm.cpp, line 1386]
Event: 0.268 Thread 0x0000000001d58000 Exception <a 'java/security/PrivilegedActionException'> (0x00000000d6048378) thrown at [C:\re\workspace\8-2-build-windows-amd64-cygwin\jdk8u101\7261\hotspot\src\share\vm\prims\jvm.cpp, line 1386]
Event: 0.268 Thread 0x0000000001d58000 Exception <a 'java/security/PrivilegedActionException'> (0x00000000d6048588) thrown at [C:\re\workspace\8-2-build-windows-amd64-cygwin\jdk8u101\7261\hotspot\src\share\vm\prims\jvm.cpp, line 1386]
Event: 0.671 Thread 0x0000000001d58000 Exception <a 'java/io/FileNotFoundException'> (0x00000000d644c140) thrown at [C:\re\workspace\8-2-build-windows-amd64-cygwin\jdk8u101\7261\hotspot\src\share\vm\prims\jni.cpp, line 709]

Events (10 events):
Event: 0.889 Thread 0x0000000001d58000 DEOPT PACKING pc=0x00000000026c23b2 sp=0x00000000021aef70
Event: 0.889 Thread 0x0000000001d58000 DEOPT UNPACKING pc=0x00000000024c787f sp=0x00000000021aec90 mode 0
Event: 0.890 Thread 0x0000000001d58000 DEOPT PACKING pc=0x00000000026c23b2 sp=0x00000000021aef70
Event: 0.890 Thread 0x0000000001d58000 DEOPT UNPACKING pc=0x00000000024c787f sp=0x00000000021aec90 mode 0
Event: 0.894 Thread 0x0000000001d58000 DEOPT PACKING pc=0x00000000026a7a9f sp=0x00000000021aef90
Event: 0.894 Thread 0x0000000001d58000 DEOPT UNPACKING pc=0x00000000024c787f sp=0x00000000021aecb0 mode 0
Event: 0.937 loading class com/bamboo/tloll/graphics/Renderer
Event: 0.937 loading class com/bamboo/tloll/graphics/Renderer done
Event: 0.938 loading class org/lwjgl/opengl/GLChecks
Event: 0.938 loading class org/lwjgl/opengl/GLChecks done


Dynamic libraries:
0x000000013fa60000 - 0x000000013fa97000 	C:\Program Files\Java\jdk1.8.0_101\bin\java.exe
0x0000000077b40000 - 0x0000000077cea000 	C:\Windows\SYSTEM32\ntdll.dll
0x0000000077920000 - 0x0000000077a3f000 	C:\Windows\system32\kernel32.dll
0x000007fefdad0000 - 0x000007fefdb3a000 	C:\Windows\system32\KERNELBASE.dll
0x000007fefe270000 - 0x000007fefe34b000 	C:\Windows\system32\ADVAPI32.dll
0x000007fefea40000 - 0x000007fefeadf000 	C:\Windows\system32\msvcrt.dll
0x000007fefebf0000 - 0x000007fefec0f000 	C:\Windows\SYSTEM32\sechost.dll
0x000007fefdd10000 - 0x000007fefde3d000 	C:\Windows\system32\RPCRT4.dll
0x0000000077a40000 - 0x0000000077b3a000 	C:\Windows\system32\USER32.dll
0x000007feffde0000 - 0x000007feffe47000 	C:\Windows\system32\GDI32.dll
0x000007fefe260000 - 0x000007fefe26e000 	C:\Windows\system32\LPK.dll
0x000007feffc20000 - 0x000007feffcea000 	C:\Windows\system32\USP10.dll
0x000007fefc280000 - 0x000007fefc474000 	C:\Windows\WinSxS\amd64_microsoft.windows.common-controls_6595b64144ccf1df_6.0.7601.18837_none_fa3b1e3d17594757\COMCTL32.dll
0x000007feffcf0000 - 0x000007feffd61000 	C:\Windows\system32\SHLWAPI.dll
0x000007fefea10000 - 0x000007fefea3e000 	C:\Windows\system32\IMM32.DLL
0x000007fefeae0000 - 0x000007fefebe9000 	C:\Windows\system32\MSCTF.dll
0x000000005b860000 - 0x000000005b932000 	C:\Program Files\Java\jdk1.8.0_101\jre\bin\msvcr100.dll
0x0000000056f30000 - 0x00000000577ca000 	C:\Program Files\Java\jdk1.8.0_101\jre\bin\server\jvm.dll
0x000007fef99a0000 - 0x000007fef99a9000 	C:\Windows\system32\WSOCK32.dll
0x000007fefe350000 - 0x000007fefe39d000 	C:\Windows\system32\WS2_32.dll
0x000007feffdd0000 - 0x000007feffdd8000 	C:\Windows\system32\NSI.dll
0x000007fefb4a0000 - 0x000007fefb4db000 	C:\Windows\system32\WINMM.dll
0x000007fefc910000 - 0x000007fefc91c000 	C:\Windows\system32\VERSION.dll
0x0000000077d00000 - 0x0000000077d07000 	C:\Windows\system32\PSAPI.DLL
0x000000005bd50000 - 0x000000005bd5f000 	C:\Program Files\Java\jdk1.8.0_101\jre\bin\verify.dll
0x000000005bd20000 - 0x000000005bd49000 	C:\Program Files\Java\jdk1.8.0_101\jre\bin\java.dll
0x000000005bd00000 - 0x000000005bd16000 	C:\Program Files\Java\jdk1.8.0_101\jre\bin\zip.dll
0x000007fefedf0000 - 0x000007feffb7a000 	C:\Windows\system32\SHELL32.dll
0x000007fefdfd0000 - 0x000007fefe1d3000 	C:\Windows\system32\ole32.dll
0x000007fefd880000 - 0x000007fefd88f000 	C:\Windows\system32\profapi.dll
0x000007feec260000 - 0x000007feec32e000 	C:\Users\Mike\Desktop\VideoGame\tloll\tloll\Dependencies\native_win32\lwjgl.dll
0x000007fefaca0000 - 0x000007fefaca3000 	C:\Windows\system32\api-ms-win-core-synch-l1-2-0.DLL
0x000007fef63f0000 - 0x000007fef642c000 	C:\Users\Mike\Desktop\VideoGame\tloll\tloll\Dependencies\native_win32\glfw.dll
0x000007fefbf40000 - 0x000007fefbf96000 	C:\Windows\system32\uxtheme.dll
0x000007fef6980000 - 0x000007fef69bc000 	C:\Windows\system32\dinput8.dll
0x0000000001cd0000 - 0x0000000001cee000 	C:\Windows\system32\xinput1_3.dll
0x000007fefec10000 - 0x000007fefede7000 	C:\Windows\system32\SETUPAPI.dll
0x000007fefd8a0000 - 0x000007fefd8d6000 	C:\Windows\system32\CFGMGR32.dll
0x000007fefdc30000 - 0x000007fefdd0a000 	C:\Windows\system32\OLEAUT32.dll
0x000007fefda60000 - 0x000007fefda7a000 	C:\Windows\system32\DEVOBJ.dll
0x000007fefba30000 - 0x000007fefba48000 	C:\Windows\system32\dwmapi.dll
0x000007fef5760000 - 0x000007fef587d000 	C:\Windows\system32\opengl32.dll
0x000007fef5c80000 - 0x000007fef5cad000 	C:\Windows\system32\GLU32.dll
0x000007fef5660000 - 0x000007fef5751000 	C:\Windows\system32\DDRAW.dll
0x000007fef9530000 - 0x000007fef9538000 	C:\Windows\system32\DCIMAN32.dll
0x000007fefba50000 - 0x000007fefba5b000 	C:\Windows\system32\HID.DLL
0x000007fefdb40000 - 0x000007fefdb7b000 	C:\Windows\system32\WINTRUST.dll
0x000007fefd8f0000 - 0x000007fefda5d000 	C:\Windows\system32\CRYPT32.dll
0x000007fefd870000 - 0x000007fefd87f000 	C:\Windows\system32\MSASN1.dll
0x000007fee75c0000 - 0x000007fee8244000 	C:\Windows\system32\ig4icd64.dll
0x000007fefd6b0000 - 0x000007fefd6bf000 	C:\Windows\system32\CRYPTBASE.dll
0x000000006ca50000 - 0x000000006cbe8000 	C:\Program Files\Java\jdk1.8.0_101\jre\bin\awt.dll
0x000007fefad10000 - 0x000007fefae35000 	C:\Windows\system32\dbghelp.dll

VM Arguments:
jvm_args: -Djava.library.path=Dependencies/native_win32 -Dfile.encoding=windows-1252 -Duser.country=US -Duser.language=en -Duser.variant 
java_command: com.bamboo.tloll.Tloll
java_class_path (initial): C:\Users\Mike\Desktop\VideoGame\tloll\tloll\build\classes\main;C:\Users\Mike\Desktop\VideoGame\tloll\tloll\build\resources\main;C:\Users\Mike\Desktop\VideoGame\tloll\tloll\Dependencies\jar\lwjgl.jar;C:\Users\Mike\.gradle\caches\modules-2\files-2.1\org.lwjgl\lwjgl\3.0.1-SNAPSHOT\7401b0a236b31d10e915a4ac739dea90d1d4267a\lwjgl-3.0.1-SNAPSHOT.jar;C:\Users\Mike\.gradle\caches\modules-2\files-2.1\org.lwjgl\lwjgl-egl\3.0.1-SNAPSHOT\e9820e483916afa67d0d77b986bfe32fa0461d33\lwjgl-egl-3.0.1-SNAPSHOT.jar;C:\Users\Mike\.gradle\caches\modules-2\files-2.1\org.lwjgl\lwjgl-glfw\3.0.1-SNAPSHOT\49562fcc0f18669f1b521894d548151c02f72967\lwjgl-glfw-3.0.1-SNAPSHOT.jar;C:\Users\Mike\.gradle\caches\modules-2\files-2.1\org.lwjgl\lwjgl-jawt\3.0.1-SNAPSHOT\46345991f2766add54a12b7f8117467714920e85\lwjgl-jawt-3.0.1-SNAPSHOT.jar;C:\Users\Mike\.gradle\caches\modules-2\files-2.1\org.lwjgl\lwjgl-jemalloc\3.0.1-SNAPSHOT\7630295d6bc4ec9c2afbc92dedd69841a78b2795\lwjgl-jemalloc-3.0.1-SNAPSHOT.jar;C:\Users\Mike\.gradle\caches\modules-2\files-2.1\org.lwjgl\lwjgl-lmdb\3.0.1-SNAPSHOT\33615ca47776c80457d23d3e9c0a7d1156b0eb1c\lwjgl-lmdb-3.0.1-SNAPSHOT.jar;C:\Users\Mike\.gradle\caches\modules-2\files-2.1\org.lwjgl\lwjgl-nanovg\3.0.1-SNAPSHOT\f30b3dd11c06aae8d5b242ddedac371fe264ace\lwjgl-nanovg-3.0.1-SNAPSHOT.jar;C:\Users\Mike\.gradle\caches\modules-2\files-2.1\org.lwjgl\lwjgl-nfd\3.0.1-SNAPSHOT\ff1cb24502df555dbc684ab088a55881eaacb2d2\lwjgl-nfd-3.0.1-SNAPSHOT.jar;C:\Users\Mike\.gradle\caches\modules-2\files-2.1\org.lwjgl\lwjgl-nuklear\3.0.1-SNAPSHOT\c900ce62cfe9e75b722c201fa59d584458fe44cb\lwjgl-nuklear-3.0.1-SNAPSHOT.jar;C:\Users\Mike\.gradle\caches\modules-2\files-2.1\org.lwjgl\lwjgl-openal\3.0.1-SNAPSHOT\de447c7c87b9d29f5f92ba087f49d1e6bf4b68e0\lwjgl-openal-3.0.1-SNAPSHOT.jar;C:\Users\Mike\.gradle\caches\modules-2\files-2.1\org.lwjgl\lwjgl-opencl\3.0.1-SNAPSHOT\69e2626a69efbec4360ce6db459625e5609a72eb\lwjgl-opencl-3.0.1-SNAPSHOT.jar;C:\Users\Mike\.gradle\caches\modules-2\files-
Launcher Type: SUN_STANDARD

Environment Variables:
CLASSPATH=C:\Program Files\gradle-3.1-all\gradle-3.1\bin\..\lib\gradle-launcher-3.1.jar
PATH=C:\Program Files (x86)\Python35-32\Scripts\;C:\Program Files (x86)\Python35-32\;C:\ProgramData\Oracle\Java\javapath;C:\Program Files (x86)\NVIDIA Corporation\PhysX\Common;C:\Program Files\Common Files\Microsoft Shared\Windows Live;C:\Program Files (x86)\Common Files\Microsoft Shared\Windows Live;C:\Windows\system32;C:\Windows;C:\Windows\System32\Wbem;C:\Windows\System32\WindowsPowerShell\v1.0\;C:\Program Files (x86)\Windows Live\Shared;C:\Program Files\Trend Micro\AMSP;C:\Program Files\Intel\WiFi\bin\;C:\Program Files\Common Files\Intel\WirelessCommon\;C:\Program Files (x86)\Intel\OpenCL SDK\2.0\bin\x86;C:\Program Files (x86)\Intel\OpenCL SDK\2.0\bin\x64;C:\Program Files (x86)\Skype\Phone\;C:\Program Files\gradle-3.1-all\gradle-3.1\bin;C:\ProgramData\Oracle\Java\javapath;C:\Program Files (x86)\NVIDIA Corporation\PhysX\Common;C:\Program Files\Common Files\Microsoft Shared\Windows Live;C:\Program Files (x86)\Common Files\Microsoft Shared\Windows Live;C:\Windows\system32;C:\Windows;C:\Windows\System32\Wbem;C:\Windows\System32\WindowsPowerShell\v1.0\;C:\Program Files (x86)\Windows Live\Shared;C:\Program Files\Trend Micro\AMSP;C:\Program Files\Intel\WiFi\bin\;C:\Program Files\Common Files\Intel\WirelessCommon\;C:\Program Files (x86)\Intel\OpenCL SDK\2.0\bin\x86;C:\Program Files (x86)\Intel\OpenCL SDK\2.0\bin\x64;C:\Program Files (x86)\Skype\Phone\;C:\Users\Mike\AppData\Local\Programs\Git\cmd;C:\Program Files\gradle-3.1-all\bin;C:\Program Files\Java\jdk1.8.0_101\bin
USERNAME=Mike
SHELL=C:/Users/Mike/Desktop/emacs/libexec/emacs/24.5/i686-pc-mingw32/cmdproxy.exe
DISPLAY=w32
OS=Windows_NT
PROCESSOR_IDENTIFIER=Intel64 Family 6 Model 42 Stepping 7, GenuineIntel



---------------  S Y S T E M  ---------------

OS: Windows 7 , 64 bit Build 7601 (6.1.7601.23569)

CPU:total 4 (2 cores per cpu, 2 threads per core) family 6 model 42 stepping 7, cmov, cx8, fxsr, mmx, sse, sse2, sse3, ssse3, sse4.1, sse4.2, popcnt, avx, clmul, ht, tsc, tscinvbit

Memory: 4k page, physical 8291480k(3726004k free), swap 16581100k(10997172k free)

vm_info: Java HotSpot(TM) 64-Bit Server VM (25.101-b13) for windows-amd64 JRE (1.8.0_101-b13), built on Jun 22 2016 01:21:29 by "java_re" with MS VC++ 10.0 (VS2010)

time: Wed Nov 23 00:42:34 2016
elapsed time: 0 seconds (0d 0h 0m 0s)

